[debug] [2025-10-01T19:51:31.963Z] ----------------------------------------------------------------------
[debug] [2025-10-01T19:51:31.965Z] Command:       /usr/local/share/nvm/versions/node/v22.17.0/bin/node /home/codespace/nvm/current/bin/firebase init
[debug] [2025-10-01T19:51:31.965Z] CLI Version:   14.17.0
[debug] [2025-10-01T19:51:31.965Z] Platform:      linux
[debug] [2025-10-01T19:51:31.965Z] Node Version:  v22.17.0
[debug] [2025-10-01T19:51:31.966Z] Time:          Wed Oct 01 2025 19:51:31 GMT+0000 (Coordinated Universal Time)
[debug] [2025-10-01T19:51:31.966Z] Env Overrides: GITHUB_API_URL, GITHUB_API_URL
[debug] [2025-10-01T19:51:31.966Z] ----------------------------------------------------------------------
[debug] 
[debug] [2025-10-01T19:51:31.970Z] > command requires scopes: ["email","openid","https://www.googleapis.com/auth/cloudplatformprojects.readonly","https://www.googleapis.com/auth/firebase","https://www.googleapis.com/auth/cloud-platform"]
[debug] [2025-10-01T19:51:31.970Z] > authorizing via signed-in user (stephannie.macena@edu.unirio.br)
[info] 
     ######## #### ########  ######## ########     ###     ######  ########
     ##        ##  ##     ## ##       ##     ##  ##   ##  ##       ##
     ######    ##  ########  ######   ########  #########  ######  ######
     ##        ##  ##    ##  ##       ##     ## ##     ##       ## ##
     ##       #### ##     ## ######## ########  ##     ##  ######  ########

You're about to initialize a Firebase project in this directory:

  /workspaces/arboriza_mvp

Before we get started, keep in mind:

  * You are currently outside your home directory

[info] 
=== Project Setup
[info] 
[info] First, let's associate this project directory with a Firebase project.
[info] You can create multiple project aliases by running firebase use --add, 
[info] but for now we'll just set up a default project.
[info] 
[debug] [2025-10-01T19:54:26.288Z] Checked if tokens are valid: true, expires at: 1759351876432
[debug] [2025-10-01T19:54:26.289Z] Checked if tokens are valid: true, expires at: 1759351876432
[debug] [2025-10-01T19:54:26.290Z] >>> [apiv2][query] GET https://firebase.googleapis.com/v1beta1/projects pageSize=100
[debug] [2025-10-01T19:54:26.626Z] <<< [apiv2][status] GET https://firebase.googleapis.com/v1beta1/projects 200
[debug] [2025-10-01T19:54:26.626Z] <<< [apiv2][body] GET https://firebase.googleapis.com/v1beta1/projects [omitted]
[info] i  Using project arboriza-bd (Arboriza) 
[info] 
=== Hosting Setup
[debug] [2025-10-01T19:54:32.007Z] Checked if tokens are valid: true, expires at: 1759351876432
[debug] [2025-10-01T19:54:32.007Z] Checked if tokens are valid: true, expires at: 1759351876432
[debug] [2025-10-01T19:54:32.007Z] >>> [apiv2][query] GET https://firebase.googleapis.com/v1beta1/projects/arboriza-bd [none]
[debug] [2025-10-01T19:54:32.220Z] <<< [apiv2][status] GET https://firebase.googleapis.com/v1beta1/projects/arboriza-bd 200
[debug] [2025-10-01T19:54:32.220Z] <<< [apiv2][body] GET https://firebase.googleapis.com/v1beta1/projects/arboriza-bd {"projectId":"arboriza-bd","projectNumber":"210425976523","displayName":"Arboriza","name":"projects/arboriza-bd","resources":{"hostingSite":"arboriza-bd","realtimeDatabaseInstance":"arboriza-bd-default-rtdb"},"state":"ACTIVE","etag":"1_684bdc87-99a2-4ab8-9217-fd2bf46fb512"}
[info] 
[info] Your public directory is the folder (relative to your project directory) that
[info] will contain Hosting assets to be uploaded with firebase deploy. If you
[info] have a build process for your assets, use your build's output directory.
[info] 
[info] ✔  Wrote public/404.html 
[debug] [2025-10-01T19:56:04.475Z] >>> [apiv2][query] GET https://www.gstatic.com/firebasejs/releases.json [none]
[debug] [2025-10-01T19:56:04.513Z] <<< [apiv2][status] GET https://www.gstatic.com/firebasejs/releases.json 200
[debug] [2025-10-01T19:56:04.513Z] <<< [apiv2][body] GET https://www.gstatic.com/firebasejs/releases.json {"current":{"version":"12.3.0","browserURL":"https://www.gstatic.com/firebasejs/12.3.0/firebase.js","packageURL":"https://www.gstatic.com/firebasejs/12.3.0/firebase.tgz"},"live":{"version":"12.3","browserURL":"https://www.gstatic.com/firebasejs/live/12.3/firebase.js","packageURL":"https://www.gstatic.com/firebasejs/live/12.3/firebase.tgz"},"components":{"ai":"https://www.gstatic.com/firebasejs/12.3.0/firebase-ai.js","analytics":"https://www.gstatic.com/firebasejs/12.3.0/firebase-analytics.js","app":"https://www.gstatic.com/firebasejs/12.3.0/firebase-app.js","app-check":"https://www.gstatic.com/firebasejs/12.3.0/firebase-app-check.js","auth":"https://www.gstatic.com/firebasejs/12.3.0/firebase-auth.js","auth/cordova":"https://www.gstatic.com/firebasejs/12.3.0/firebase-auth/cordova.js","auth/web-extension":"https://www.gstatic.com/firebasejs/12.3.0/firebase-auth/web-extension.js","functions":"https://www.gstatic.com/firebasejs/12.3.0/firebase-functions.js","firestore":"https://www.gstatic.com/firebasejs/12.3.0/firebase-firestore.js","firestore/lite":"https://www.gstatic.com/firebasejs/12.3.0/firebase-firestore/lite.js","installations":"https://www.gstatic.com/firebasejs/12.3.0/firebase-installations.js","storage":"https://www.gstatic.com/firebasejs/12.3.0/firebase-storage.js","performance":"https://www.gstatic.com/firebasejs/12.3.0/firebase-performance.js","remote-config":"https://www.gstatic.com/firebasejs/12.3.0/firebase-remote-config.js","messaging":"https://www.gstatic.com/firebasejs/12.3.0/firebase-messaging.js","messaging/sw":"https://www.gstatic.com/firebasejs/12.3.0/firebase-messaging/sw.js","database":"https://www.gstatic.com/firebasejs/12.3.0/firebase-database.js","data-connect":"https://www.gstatic.com/firebasejs/12.3.0/firebase-data-connect.js","firestore.memory":"https://www.gstatic.com/firebasejs/12.3.0/firebase-firestore.memory.js"}}
[info] i  Skipping write of public/index.html 
[info] 
[info] i  Detected a .git folder at /workspaces/arboriza_mvp 
[info] i  Authorizing with GitHub to upload your service account to a GitHub repository's secrets store. 
[info] 
[info] Visit this URL on this device to log in:
[info] https://github.com/login/oauth/authorize?client_id=89cf50f02ac6aaed3484&state=805966097&redirect_uri=http%3A%2F%2Flocalhost%3A9005&scope=read%3Auser%20repo%20public_repo
[info] 
[info] Waiting for authentication...
